生成启动时间为 2017/5/24 19:09:34。
     1>项目“C:\Users\123\Desktop\资源\SourceCode-5\PaoPaoTang\proj.win32\PaoPaoTang.win32.vcxproj”在节点 2 上(build 个目标)。
     1>InitializeBuildStatus:
         正在创建“Debug.win32\PaoPaoTang.win32.unsuccessfulbuild”，因为已指定“AlwaysCreate”。
       ClCompile:
         D:\visual studio 2010\VC\bin\CL.exe /c /I. /I..\Classes /I..\..\cocos2dx /I..\..\cocos2dx\include /I..\..\cocos2dx\kazmath\include /I..\..\cocos2dx\platform\win32 /I..\..\cocos2dx\platform\third_party\win32 /I..\..\cocos2dx\platform\third_party\win32\OGLES /I..\..\CocosDenshion\Include /ZI /nologo /W3 /WX- /Od /Oy- /D WIN32 /D _WINDOWS /D STRICT /D _CRT_SECURE_NO_WARNINGS /D _SCL_SECURE_NO_WARNINGS_DEBUG /D COCOS2D_DEBUG=1 /D _UNICODE /D UNICODE /Gm /EHsc /RTC1 /MDd /GS /fp:precise /Zc:wchar_t /Zc:forScope /Fo"Debug.win32\\" /Fd"Debug.win32\vc100.pdb" /Gd /TP /wd4267 /wd4251 /wd4244 /analyze- /errorReport:prompt ..\Classes\Animation.cpp ..\Classes\BeginScene.cpp
         BeginScene.cpp
     1>c:\users\123\desktop\资源\sourcecode-5\paopaotang\classes\gameutils.h(26): warning C4333: “>>”: 右移位数过大，数据将丢失
         正在生成代码...
         正在编译...
         Animation.cpp
     1>c:\users\123\desktop\资源\sourcecode-5\paopaotang\classes\animation.cpp(37): warning C4305: “参数”: 从“double”到“float”截断
         正在生成代码...
       ResourceCompile:
         所有输出均为最新。
       ManifestResourceCompile:
         所有输出均为最新。
       Link:
         D:\visual studio 2010\VC\bin\link.exe /ERRORREPORT:PROMPT /OUT:"C:\Users\123\Desktop\资源\SourceCode-5\Debug.win32\PaoPaoTang.win32.exe" /INCREMENTAL /NOLOGO /LIBPATH:"C:\Users\123\Desktop\资源\SourceCode-5\Debug.win32\\" libcocos2d.lib opengl32.lib glew32.lib libCocosDenshion.lib kernel32.lib user32.lib gdi32.lib winspool.lib comdlg32.lib advapi32.lib shell32.lib ole32.lib oleaut32.lib uuid.lib odbc32.lib odbccp32.lib /NODEFAULTLIB:libcmt.lib /MANIFEST /ManifestFile:"Debug.win32\PaoPaoTang.win32.exe.intermediate.manifest" /MANIFESTUAC:"level='asInvoker' uiAccess='false'" /DEBUG /PDB:"C:\Users\123\Desktop\资源\SourceCode-5\Debug.win32\PaoPaoTang.win32.pdb" /SUBSYSTEM:WINDOWS /TLBID:1 /DYNAMICBASE /NXCOMPAT /IMPLIB:"C:\Users\123\Desktop\资源\SourceCode-5\Debug.win32\PaoPaoTang.win32.lib" /MACHINE:X86 Debug.win32\PaoPaoTang.res
         Debug.win32\PaoPaoTang.win32.exe.embed.manifest.res
         Debug.win32\Animation.obj
         Debug.win32\BeginScene.obj
         Debug.win32\EndScene.obj
         Debug.win32\GameLogic.obj
         Debug.win32\HelloWorldScene.obj
         Debug.win32\PlayScene.obj
         Debug.win32\tinystr.obj
         Debug.win32\tinyxml.obj
         Debug.win32\tinyxmlerror.obj
         Debug.win32\tinyxmlparser.obj
         Debug.win32\main.obj
       Manifest:
         C:\Program Files (x86)\Microsoft SDKs\Windows\v7.0A\bin\mt.exe /nologo /verbose /out:"Debug.win32\PaoPaoTang.win32.exe.embed.manifest" /manifest Debug.win32\PaoPaoTang.win32.exe.intermediate.manifest
         所有输出均为最新。
       LinkEmbedManifest:
         所有输出均为最新。
         PaoPaoTang.win32.vcxproj -> C:\Users\123\Desktop\资源\SourceCode-5\Debug.win32\PaoPaoTang.win32.exe
       FinalizeBuildStatus:
         正在删除文件“Debug.win32\PaoPaoTang.win32.unsuccessfulbuild”。
         正在对“Debug.win32\PaoPaoTang.win32.lastbuildstate”执行 Touch 任务。
     1>已完成生成项目“C:\Users\123\Desktop\资源\SourceCode-5\PaoPaoTang\proj.win32\PaoPaoTang.win32.vcxproj”(build 个目标)的操作。

生成成功。

已用时间 00:00:04.09
